<?xml version="1.0" encoding="UTF-8"?>
<testsuite xmlns:xsi="http://www.w3.org/2001/XMLSchema-instance" xsi:noNamespaceSchemaLocation="https://maven.apache.org/surefire/maven-surefire-plugin/xsd/surefire-test-report-3.0.xsd" version="3.0" name="testscenario.ScenarioJunitActivatorTest" time="0.745" tests="5" errors="0" skipped="0" failures="0">
  <properties>
[...]
</properties>
  <testcase name="#1: Above speed limit: 10km/h and 30 km/h" classname="Violation Scenarios" time="0.273">
    <system-err><![CDATA[SLF4J: Failed to load class "org.slf4j.impl.StaticLoggerBinder".
SLF4J: Defaulting to no-operation (NOP) logger implementation
SLF4J: See http://www.slf4j.org/codes.html#StaticLoggerBinder for further details.
]]></system-err>
  </testcase>
  <testcase name="#2: Above speed limit: more than 30 km/h" classname="Violation Scenarios" time="0.003"/>
  <testcase name="#3: Parking violation" classname="Violation Scenarios" time="0.002"/>
  <testcase name="#4: DUI violation" classname="Violation Scenarios" time="0.003"/>
  <testcase name="#5: Driver suspended" classname="Violation Scenarios" time="0.002"/>
</testsuite>